-- Catapult University Version: Report                                              
-- ---------------------------- ---------------------------------------------------
-- Version:                     10.0a/269363 Production Release                     
-- Build Date:                  Wed Nov  9 17:38:00 PST 2016                        
                                                                                    
-- Generated by:                xph3sle509@ocaepc57                                 
-- Generated date:              Tue Jan 16 14:33:12 CET 2018                        

Solution Settings: main.v2
  Current state: schedule
  Project: Catapult_3
  
  Design Input Files Specified
    $PROJECT_HOME/3D_mono_camera/mask.cpp
    $PROJECT_HOME/3D_mono_camera/var.h
    $PROJECT_HOME/3D_mono_camera/depth.cpp
    $PROJECT_HOME/3D_mono_camera/main.cpp
      $PROJECT_HOME/3D_mono_camera/mask.cpp
        $PROJECT_HOME/3D_mono_camera/var.h
      $PROJECT_HOME/3D_mono_camera/depth.cpp
        $PROJECT_HOME/3D_mono_camera/var.h
  
  Processes/Blocks in Design
    Process       Real Operation(s) count Latency Throughput Reset Length II Comments 
    ------------- ----------------------- ------- ---------- ------------ -- --------
    /main/core                         74  625184     625186            0  0        ? 
    Design Total:                      74  625184     625186            0  0          
    
  Clock Information
    Clock Signal Edge   Period Sharing Alloc (%) Uncertainty Used by Processes/Blocks 
    ------------ ------ ------ ----------------- ----------- ------------------------
    clk          rising 50.000             20.00    0.000000 /main/core               
    
  I/O Data Ranges
    Port                      Mode DeclType DeclWidth DeclRange ActType ActWidth ActRange 
    ------------------------- ---- -------- --------- --------- ------- -------- --------
    clk                       IN   Unsigned         1                                     
    rst                       IN   Unsigned         1                                     
    image_net:rsc.data_out    IN   Unsigned        32                                     
    image_floue:rsc.data_out  IN   Unsigned        32                                     
    image_error:rsc.data_out  IN   Unsigned        32                                     
    image_net:rsc.addr        OUT  Unsigned        16                                     
    image_net:rsc.re          OUT  Unsigned         1                                     
    image_net:rsc.triosy.lz   OUT  Unsigned         1                                     
    image_floue:rsc.addr      OUT  Unsigned        16                                     
    image_floue:rsc.re        OUT  Unsigned         1                                     
    image_floue:rsc.triosy.lz OUT  Unsigned         1                                     
    image_error:rsc.data_in   OUT  Unsigned        32                                     
    image_error:rsc.addr      OUT  Unsigned        17                                     
    image_error:rsc.re        OUT  Unsigned         1                                     
    image_error:rsc.we        OUT  Unsigned         1                                     
    image_error:rsc.triosy.lz OUT  Unsigned         1                                     
    depth:rsc.data_in         OUT  Unsigned        32                                     
    depth:rsc.addr            OUT  Unsigned        16                                     
    depth:rsc.we              OUT  Unsigned         1                                     
    depth:rsc.triosy.lz       OUT  Unsigned         1                                     
    return:rsc.z              OUT  Unsigned        32                                     
    return:rsc.triosy.lz      OUT  Unsigned         1                                     
    
  Memory Resources
    Resource Name: /main/mask:rsc
      Memory Component: mgc_in_wire                  Size:         1 x 2184192
      External:         true                         Packing Mode: sidebyside
      Memory Map:
      Variable     Indices Phys Memory Address     
      ---------- --------- -----------------------
      /main/mask 0:2184191 00000000-00000000 (0-0) 
      
    Resource Name: /main/filtre:rsc
      Memory Component: mgc_in_wire                  Size:         1 x 606900
      External:         true                         Packing Mode: sidebyside
      Memory Map:
      Variable      Indices Phys Memory Address     
      ------------ -------- -----------------------
      /main/filtre 0:606899 00000000-00000000 (0-0) 
      
    Resource Name: /main/image_net:rsc
      Memory Component: singleport                   Size:         60000 x 32
      External:         true                         Packing Mode: absolute
      Memory Map:
      Variable        Indices Phys Memory Address         
      --------------- ------- ---------------------------
      /main/image_net    0:31 0000ea5f-00000000 (59999-0) 
      
    Resource Name: /main/image_floue:rsc
      Memory Component: singleport                   Size:         60000 x 32
      External:         true                         Packing Mode: absolute
      Memory Map:
      Variable          Indices Phys Memory Address         
      ----------------- ------- ---------------------------
      /main/image_floue    0:31 0000ea5f-00000000 (59999-0) 
      
    Resource Name: /main/image_error:rsc
      Memory Component: singleport                   Size:         68256 x 32
      External:         true                         Packing Mode: absolute
      Memory Map:
      Variable          Indices Phys Memory Address         
      ----------------- ------- ---------------------------
      /main/image_error    0:31 00010a9f-00000000 (68255-0) 
      
    Resource Name: /main/depth:rsc
      Memory Component: singleport                   Size:         60000 x 32
      External:         true                         Packing Mode: absolute
      Memory Map:
      Variable    Indices Phys Memory Address         
      ----------- ------- ---------------------------
      /main/depth    0:31 0000ea5f-00000000 (59999-0) 
      
    Resource Name: /main/return:rsc
      Memory Component: mgc_out_stdreg               Size:         1 x 32
      External:         true                         Packing Mode: sidebyside
      Memory Map:
      Variable     Indices Phys Memory Address     
      ------------ ------- -----------------------
      /main/return    0:31 00000000-00000000 (0-0) 
      
  Multi-Cycle (Combinational) Component Usage
    Instance Component Name Delay 
    -------- -------------- -----
    
  Loops
    Process    Loop                              Iterations C-Steps Total Cycles   Duration  Unroll Init Comments 
    ---------- --------------------------------- ---------- ------- ------------- ---------- ------ ---- --------
    /main/core core:rlp                            Infinite       0     625186 ?   31.26 ms                       
    /main/core  main                               Infinite       2     625186 ?   31.26 ms                       
    /main/core   for                                    216       1       204984   10.25 ms                       
    /main/core    for:for                               316       3          948   47.40 us                       
    /main/core   for#1                                  200       1     420200 ?   21.01 ms                       
    /main/core    for#1:for                             300       3       2100 ?  105.00 us                       
    /main/core     reconstruction_error:for               ?       2          4 ?  200.00 ns                       
    /main/core      reconstruction_error:for:for          ?       2          2 ?  100.00 ns                       
    
  Loop Execution Profile
    Process    Loop                              Total Cycles % of Overall Design Cycles Throughput Cycles Comments 
    ---------- --------------------------------- ------------ -------------------------- ----------------- --------
    /main/core core:rlp                                  0 ?                        0.00         625186 ?           
    /main/core  main                                     2 ?                        0.00         625186 ?           
    /main/core   for                                     216                        0.03           204984           
    /main/core    for:for                             204768                       32.75           204768           
    /main/core   for#1                                 200 ?                        0.03         420200 ?           
    /main/core    for#1:for                         180000 ?                       28.79         420000 ?           
    /main/core     reconstruction_error:for         120000 ?                       19.19         240000 ?           
    /main/core      reconstruction_error:for:for    120000 ?                       19.19         120000 ?           
    
  End of Report
