# Info: [9566]: Logging project transcript to file /tp-fmr/sle3_509/Catapult_5/conv.v1/psr_v_impl/precision.log
# Info: [9566]: Logging suppressed messages transcript to file /tp-fmr/sle3_509/Catapult_5/conv.v1/psr_v_impl/precision.log.suppressed
# Info: [9550]: Activated implementation psr_v_impl in project /tp-fmr/sle3_509/Catapult_5/conv.v1/psr_v.psp.
# Info: [9564]: Project /tp-fmr/sle3_509/Catapult_5/conv.v1/psr_v.psp will not use temp directories.
# Info: [9574]: Input directory: /tp-fmr/sle3_509/Catapult_5/conv.v1
# Info: [15297]: Setting up the design to use synthesis library "xca7.syn"
# Info: [573]: The global max fanout is currently set to 10000 for Xilinx - ARTIX-7.
# Info: [15323]: Setting Part to: "7A100TCSG324".
# Info: [15324]: Setting Process to: "3".
# Warning: [556]: transform_tristates option is set to value all internally for the current technology.
# Info: [7513]: The default input to Vivado place and route has been set to "Verilog".
# Info: [7512]: The place and route tool for current technology is Vivado.
# Warning: [532]: setup_place_and_route: invalid argument '-enable_auto_offset_relaxation'
# Info:  Disabling Auto Offset Relaxation in Vendor Constraint file.
# Info: [9562]: Saved implementation psr_v_impl in project /tp-fmr/sle3_509/Catapult_5/conv.v1/psr_v.psp.
dofile rtl.v.psr run_state mapped gui_mode 1
# COMMAND: compile
# Info: [3022]: Reading file: /softslin/precision2014a_64b/Mgc_home/pkgs/psr/techlibs/xca7.syn.
# Info: [631]: Loading library initialization file /softslin/precision2014a_64b/Mgc_home/pkgs/psr/userware/xilinx_rename.tcl
# Info: XILINX
# Info: [40000]: hdl-analyze, Release RTLC-Precision 2014a.1
# Info: [41002]: Analyzing input file "/softl3/catapultc10_0a/64bit/Mgc_home/pkgs/siflibs/mgc_in_wire_v1.v" ...
# Info: [41002]: Analyzing input file "/softl3/catapultc10_0a/64bit/Mgc_home/pkgs/siflibs/mgc_io_sync_v1.v" ...
# Info: [41002]: Analyzing input file "/tp-fmr/sle3_509/Catapult_5/conv.v1/rtl.v" ...
# Info: [654]: Current working directory: /tp-fmr/sle3_509/Catapult_5/conv.v1/psr_v_impl.
# Error: Segmentation violation
# Info: backtrace() returned 500 addresses (
# Info: /softslin/precision2014a_64b/Mgc_home/lib/libprecpkgs.so(_ZN17stackwalker_linux16CSDiagStackTrace17CollectStackTraceEv+0x26) [0x7fc1080f0a66]
# Info: /softslin/precision2014a_64b/Mgc_home/lib/libprecpkgs.so(_ZN16CSDiagStackTrace13GetStackTraceERSt6vectorISsSaISsEE+0x20) [0x7fc1080f0700]
# Info: /softslin/precision2014a_64b/Mgc_home/lib/libprecpkgs.so(sigsegv_handler+0x46) [0x7fc1080cc1d6]
# Info: /lib/x86_64-linux-gnu/libpthread.so.0(+0xf890) [0x7fc10722d890]
# Info: /lib/x86_64-linux-gnu/libc.so.6(strlen+0x2a) [0x7fc1064dfc3a]
# Info: /softslin/precision2014a_64b/Mgc_home/lib/libprecpkgs.so(+0x18623b) [0x7fc10808f23b]
# Info: /softslin/precision2014a_64b/Mgc_home/lib/libprecpkgs.so(+0x18514d) [0x7fc10808e14d]
# Info: /softslin/precision2014a_64b/Mgc_home/lib/libprecpkgs.so(util_fprintf+0x8f) [0x7fc10808e59f]
# Info: /softslin/precision2014a_64b/Mgc_home/lib/libprecision_s.so(_Z18getCryptedPidTsVarPKc+0x37f) [0x7fc10a9f2b8f]
# Info: /softslin/precision2014a_64b/Mgc_home/lib/libprecision_s.so(_Z14RTLC_ElaborateiPPcPP9RTLC_List+0x3f4) [0x7fc10a9f7cf4]
# Info: /softslin/precision2014a_64b/Mgc_home/lib/libprecision_s.so(_Z17ElaborateWithRtlcP10Tcl_InterpPPKcS3_S3_S2_PP9CHierViewiP12array_structi+0xf0) [0x7fc108c7ab80]
# Info: /softslin/precision2014a_64b/Mgc_home/lib/libprecision_s.so(_Z13ElaborateCoreP10Tcl_InterpPKcS2_S2_S2_S2_P8st_tableP12array_structPP9CHierViewii+0xca) [0x7fc108c7c00a]
# Info: /softslin/precision2014a_64b/Mgc_home/lib/libprecision_s.so(_ZN14TInputFileList7CompileEP10Tcl_InterpP11ISSteppablebi+0xad5) [0x7fc10a05a855]
# Info: /softslin/precision2014a_64b/Mgc_home/lib/libprecision_s.so(_ZN15CSDesignService7CompileEP11ISSteppablebb+0x792) [0x7fc10a9415f2]
# Info: /softslin/precision2014a_64b/Mgc_home/lib/libprecision_s.so(_ZN15CSDesignService13HandleCommandEP12CSCompileCmd+0x30) [0x7fc10a943580]
# Info: /softslin/precision2014a_64b/Mgc_home/lib/libprecision_s.so(_ZN22CSServiceCommandTargetI15CSDesignService12CSCompileCmdE13HandleCommandEP13CSBaseCommand+0x78) [0x7fc10a945228]
# Info: /softslin/precision2014a_64b/Mgc_home/lib/libprecpkgs.so(_ZN19CSCommandDispatcher15DispatchCommandEP13CSBaseCommandbb+0x33d) [0x7fc10803cb8d]
# Info: /softslin/precision2014a_64b/Mgc_home/lib/libprecision_s.so(_ZN21CSPSCommandDispatcher15DispatchCommandEP13CSBaseCommandbb+0x2f) [0x7fc10a7fbc8f]
# Info: /softslin/precision2014a_64b/Mgc_home/pkgs/psr/.bin/precision_newgui(_ZN26CSCommandDispatcherAdapter25CallbackR3DispatchCommandEPv+0x1d) [0x58c02d]
# Info: /softslin/precision2014a_64b/Mgc_home/pkgs/psr/.bin/precision_newgui() [0x58354c]
# Info: /softslin/precision2014a_64b/Mgc_home/lib/libprecpkgs.so(_ZN17CSStoppableThread3RunEv+0xab) [0x7fc1080f80ab]
# Info: /softslin/precision2014a_64b/Mgc_home/lib/libprecpkgs.so(_ZN8CSThread10ThreadProcEPv+0x291) [0x7fc1080f8ca1]
# Info: /lib/x86_64-linux-gnu/libpthread.so.0(+0x8064) [0x7fc107226064]
# Info: /lib/x86_64-linux-gnu/libc.so.6(clone+0x6d) [0x7fc10654662d]
# Info: /lib/x86_64-linux-gnu/libc.so.6(clone+0x6d) [0x7fc10654662d]
# Info: /lib/x86_64-linux-gnu/libc.so.6(clone+0x6d) [0x7fc10654662d]
# Info: /lib/x86_64-linux-gnu/libc.so.6(clone+0x6d) [0x7fc10654662d]
# Info: /lib/x86_64-linux-gnu/libc.so.6(clone+0x6d) [0x7fc10654662d]
# Info: /lib/x86_64-linux-gnu/libc.so.6(clone+0x6d) [0x7fc10654662d]
# Info: /lib/x86_64-linux-gnu/libc.so.6(clone+0x6d) [0x7fc10654662d]
# Info: /lib/x86_64-linux-gnu/libc.so.6(clone+0x6d) [0x7fc10654662d]
# Info: /lib/x86_64-linux-gnu/libc.so.6(clone+0x6d) [0x7fc10654662d]
# Info: /lib/x86_64-linux-gnu/libc.so.6(clone+0x6d) [0x7fc10654662d]
# Info: /lib/x86_64-linux-gnu/libc.so.6(clone+0x6d) [0x7fc10654662d]
# Info: /lib/x86_64-linux-gnu/libc.so.6(clone+0x6d) [0x7fc10654662d]
# Info: /lib/x86_64-linux-gnu/libc.so.6(clone+0x6d) [0x7fc10654662d]
# Info: /lib/x86_64-linux-gnu/libc.so.6(clone+0x6d) [0x7fc10654662d]
# Info: /lib/x86_64-linux-gnu/libc.so.6(clone+0x6d) [0x7fc10654662d]
# Info: /lib/x86_64-linux-gnu/libc.so.6(clone+0x6d) [0x7fc10654662d]
# Info: /lib/x86_64-linux-gnu/libc.so.6(clone+0x6d) [0x7fc10654662d]
# Info: /lib/x86_64-linux-gnu/libc.so.6(clone+0x6d) [0x7fc10654662d]
# Info: /lib/x86_64-linux-gnu/libc.so.6(clone+0x6d) [0x7fc10654662d]
# Info: /lib/x86_64-linux-gnu/libc.so.6(clone+0x6d) [0x7fc10654662d]
# Info: /lib/x86_64-linux-gnu/libc.so.6(clone+0x6d) [0x7fc10654662d]
# Info: /lib/x86_64-linux-gnu/libc.so.6(clone+0x6d) [0x7fc10654662d]
# Info: /lib/x86_64-linux-gnu/libc.so.6(clone+0x6d) [0x7fc10654662d]
# Info: /lib/x86_64-linux-gnu/libc.so.6(clone+0x6d) [0x7fc10654662d]
# Info: /lib/x86_64-linux-gnu/libc.so.6(clone+0x6d) [0x7fc10654662d]
# Info: /lib/x86_64-linux-gnu/libc.so.6(clone+0x6d) [0x7fc10654662d]
# Info: /lib/x86_64-linux-gnu/libc.so.6(clone+0x6d) [0x7fc10654662d]
# Info: /lib/x86_64-linux-gnu/libc.so.6(clone+0x6d) [0x7fc10654662d]
# Info: /lib/x86_64-linux-gnu/libc.so.6(clone+0x6d) [0x7fc10654662d]
# Info: /lib/x86_64-linux-gnu/libc.so.6(clone+0x6d) [0x7fc10654662d]
# Info: /lib/x86_64-linux-gnu/libc.so.6(clone+0x6d) [0x7fc10654662d]
# Info: /lib/x86_64-linux-gnu/libc.so.6(clone+0x6d) [0x7fc10654662d]
# Info: /lib/x86_64-linux-gnu/libc.so.6(clone+0x6d) [0x7fc10654662d]
# Info: /lib/x86_64-linux-gnu/libc.so.6(clone+0x6d) [0x7fc10654662d]
# Info: /lib/x86_64-linux-gnu/libc.so.6(clone+0x6d) [0x7fc10654662d]
# Info: /lib/x86_64-linux-gnu/libc.so.6(clone+0x6d) [0x7fc10654662d]
# Info: /lib/x86_64-linux-gnu/libc.so.6(clone+0x6d) [0x7fc10654662d]
# Info: /lib/x86_64-linux-gnu/libc.so.6(clone+0x6d) [0x7fc10654662d]
# Info: /lib/x86_64-linux-gnu/libc.so.6(clone+0x6d) [0x7fc10654662d]
# Info: /lib/x86_64-linux-gnu/libc.so.6(clone+0x6d) [0x7fc10654662d]
# Info: /lib/x86_64-linux-gnu/libc.so.6(clone+0x6d) [0x7fc10654662d]
# Info: /lib/x86_64-linux-gnu/libc.so.6(clone+0x6d) [0x7fc10654662d]
# Info: /lib/x86_64-linux-gnu/libc.so.6(clone+0x6d) [0x7fc10654662d]
# Info: /lib/x86_64-linux-gnu/libc.so.6(clone+0x6d) [0x7fc10654662d]
# Info: /lib/x86_64-linux-gnu/libc.so.6(clone+0x6d) [0x7fc10654662d]
# Info: /lib/x86_64-linux-gnu/libc.so.6(clone+0x6d) [0x7fc10654662d]
# Info: /lib/x86_64-linux-gnu/libc.so.6(clone+0x6d) [0x7fc10654662d]
# Info: /lib/x86_64-linux-gnu/libc.so.6(clone+0x6d) [0x7fc10654662d]
# Info: /lib/x86_64-linux-gnu/libc.so.6(clone+0x6d) [0x7fc10654662d]
# Info: /lib/x86_64-linux-gnu/libc.so.6(clone+0x6d) [0x7fc10654662d]
# Info: /lib/x86_64-linux-gnu/libc.so.6(clone+0x6d) [0x7fc10654662d]
# Info: /lib/x86_64-linux-gnu/libc.so.6(clone+0x6d) [0x7fc10654662d]
# Info: /lib/x86_64-linux-gnu/libc.so.6(clone+0x6d) [0x7fc10654662d]
# Info: /lib/x86_64-linux-gnu/libc.so.6(clone+0x6d) [0x7fc10654662d]
# Info: /lib/x86_64-linux-gnu/libc.so.6(clone+0x6d) [0x7fc10654662d]
# Info: /lib/x86_64-linux-gnu/libc.so.6(clone+0x6d) [0x7fc10654662d]
# Info: /lib/x86_64-linux-gnu/libc.so.6(clone+0x6d) [0x7fc10654662d]
# Info: /lib/x86_64-linux-gnu/libc.so.6(clone+0x6d) [0x7fc10654662d]
# Info: /lib/x86_64-linux-gnu/libc.so.6(clone+0x6d) [0x7fc10654662d]
# Info: /lib/x86_64-linux-gnu/libc.so.6(clone+0x6d) [0x7fc10654662d]
# Info: /lib/x86_64-linux-gnu/libc.so.6(clone+0x6d) [0x7fc10654662d]
# Info: /lib/x86_64-linux-gnu/libc.so.6(clone+0x6d) [0x7fc10654662d]
# Info: /lib/x86_64-linux-gnu/libc.so.6(clone+0x6d) [0x7fc10654662d]
# Info: /lib/x86_64-linux-gnu/libc.so.6(clone+0x6d) [0x7fc10654662d]
# Info: /lib/x86_64-linux-gnu/libc.so.6(clone+0x6d) [0x7fc10654662d]
# Info: /lib/x86_64-linux-gnu/libc.so.6(clone+0x6d) [0x7fc10654662d]
# Info: /lib/x86_64-linux-gnu/libc.so.6(clone+0x6d) [0x7fc10654662d]
# Info: /lib/x86_64-linux-gnu/libc.so.6(clone+0x6d) [0x7fc10654662d]
# Info: /lib/x86_64-linux-gnu/libc.so.6(clone+0x6d) [0x7fc10654662d]
# Info: /lib/x86_64-linux-gnu/libc.so.6(clone+0x6d) [0x7fc10654662d]
# Info: /lib/x86_64-linux-gnu/libc.so.6(clone+0x6d) [0x7fc10654662d]
# Info: /lib/x86_64-linux-gnu/libc.so.6(clone+0x6d) [0x7fc10654662d]
# Info: /lib/x86_64-linux-gnu/libc.so.6(clone+0x6d) [0x7fc10654662d]
# Info: /lib/x86_64-linux-gnu/libc.so.6(clone+0x6d) [0x7fc10654662d]
# Info: /lib/x86_64-linux-gnu/libc.so.6(clone+0x6d) [0x7fc10654662d]
# Info: /lib/x86_64-linux-gnu/libc.so.6(clone+0x6d) [0x7fc10654662d]
# Info: /lib/x86_64-linux-gnu/libc.so.6(clone+0x6d) [0x7fc10654662d]
# Info: /lib/x86_64-linux-gnu/libc.so.6(clone+0x6d) [0x7fc10654662d]
# Info: /lib/x86_64-linux-gnu/libc.so.6(clone+0x6d) [0x7fc10654662d]
# Info: /lib/x86_64-linux-gnu/libc.so.6(clone+0x6d) [0x7fc10654662d]
# Info: /lib/x86_64-linux-gnu/libc.so.6(clone+0x6d) [0x7fc10654662d]
# Info: /lib/x86_64-linux-gnu/libc.so.6(clone+0x6d) [0x7fc10654662d]
# Info: /lib/x86_64-linux-gnu/libc.so.6(clone+0x6d) [0x7fc10654662d]
# Info: /lib/x86_64-linux-gnu/libc.so.6(clone+0x6d) [0x7fc10654662d]
# Info: /lib/x86_64-linux-gnu/libc.so.6(clone+0x6d) [0x7fc10654662d]
# Info: /lib/x86_64-linux-gnu/libc.so.6(clone+0x6d) [0x7fc10654662d]
# Info: /lib/x86_64-linux-gnu/libc.so.6(clone+0x6d) [0x7fc10654662d]
# Info: /lib/x86_64-linux-gnu/libc.so.6(clone+0x6d) [0x7fc10654662d]
# Info: /lib/x86_64-linux-gnu/libc.so.6(clone+0x6d) [0x7fc10654662d]
# Info: /lib/x86_64-linux-gnu/libc.so.6(clone+0x6d) [0x7fc10654662d]
# Info: /lib/x86_64-linux-gnu/libc.so.6(clone+0x6d) [0x7fc10654662d]
# Info: /lib/x86_64-linux-gnu/libc.so.6(clone+0x6d) [0x7fc10654662d]
# Info: /lib/x86_64-linux-gnu/libc.so.6(clone+0x6d) [0x7fc10654662d]
# Info: /lib/x86_64-linux-gnu/libc.so.6(clone+0x6d) [0x7fc10654662d]
# Info: /lib/x86_64-linux-gnu/libc.so.6(clone+0x6d) [0x7fc10654662d]
# Info: /lib/x86_64-linux-gnu/libc.so.6(clone+0x6d) [0x7fc10654662d]
# Info: /lib/x86_64-linux-gnu/libc.so.6(clone+0x6d) [0x7fc10654662d]
# Info: /lib/x86_64-linux-gnu/libc.so.6(clone+0x6d) [0x7fc10654662d]
# Info: /lib/x86_64-linux-gnu/libc.so.6(clone+0x6d) [0x7fc10654662d]
# Info: /lib/x86_64-linux-gnu/libc.so.6(clone+0x6d) [0x7fc10654662d]
# Info: /lib/x86_64-linux-gnu/libc.so.6(clone+0x6d) [0x7fc10654662d]
# Info: /lib/x86_64-linux-gnu/libc.so.6(clone+0x6d) [0x7fc10654662d]
# Info: /lib/x86_64-linux-gnu/libc.so.6(clone+0x6d) [0x7fc10654662d]
# Info: /lib/x86_64-linux-gnu/libc.so.6(clone+0x6d) [0x7fc10654662d]
# Info: /lib/x86_64-linux-gnu/libc.so.6(clone+0x6d) [0x7fc10654662d]
# Info: /lib/x86_64-linux-gnu/libc.so.6(clone+0x6d) [0x7fc10654662d]
# Info: /lib/x86_64-linux-gnu/libc.so.6(clone+0x6d) [0x7fc10654662d]
# Info: /lib/x86_64-linux-gnu/libc.so.6(clone+0x6d) [0x7fc10654662d]
# Info: /lib/x86_64-linux-gnu/libc.so.6(clone+0x6d) [0x7fc10654662d]
# Info: /lib/x86_64-linux-gnu/libc.so.6(clone+0x6d) [0x7fc10654662d]
# Info: /lib/x86_64-linux-gnu/libc.so.6(clone+0x6d) [0x7fc10654662d]
# Info: /lib/x86_64-linux-gnu/libc.so.6(clone+0x6d) [0x7fc10654662d]
# Info: /lib/x86_64-linux-gnu/libc.so.6(clone+0x6d) [0x7fc10654662d]
# Info: /lib/x86_64-linux-gnu/libc.so.6(clone+0x6d) [0x7fc10654662d]
# Info: /lib/x86_64-linux-gnu/libc.so.6(clone+0x6d) [0x7fc10654662d]
# Info: /lib/x86_64-linux-gnu/libc.so.6(clone+0x6d) [0x7fc10654662d]
# Info: /lib/x86_64-linux-gnu/libc.so.6(clone+0x6d) [0x7fc10654662d]
# Info: /lib/x86_64-linux-gnu/libc.so.6(clone+0x6d) [0x7fc10654662d]
# Info: /lib/x86_64-linux-gnu/libc.so.6(clone+0x6d) [0x7fc10654662d]
# Info: /lib/x86_64-linux-gnu/libc.so.6(clone+0x6d) [0x7fc10654662d]
# Info: /lib/x86_64-linux-gnu/libc.so.6(clone+0x6d) [0x7fc10654662d]
# Info: /lib/x86_64-linux-gnu/libc.so.6(clone+0x6d) [0x7fc10654662d]
# Info: /lib/x86_64-linux-gnu/libc.so.6(clone+0x6d) [0x7fc10654662d]
# Info: /lib/x86_64-linux-gnu/libc.so.6(clone+0x6d) [0x7fc10654662d]
# Info: /lib/x86_64-linux-gnu/libc.so.6(clone+0x6d) [0x7fc10654662d]
# Info: /lib/x86_64-linux-gnu/libc.so.6(clone+0x6d) [0x7fc10654662d]
# Info: /lib/x86_64-linux-gnu/libc.so.6(clone+0x6d) [0x7fc10654662d]
# Info: /lib/x86_64-linux-gnu/libc.so.6(clone+0x6d) [0x7fc10654662d]
# Info: /lib/x86_64-linux-gnu/libc.so.6(clone+0x6d) [0x7fc10654662d]
# Info: /lib/x86_64-linux-gnu/libc.so.6(clone+0x6d) [0x7fc10654662d]
# Info: /lib/x86_64-linux-gnu/libc.so.6(clone+0x6d) [0x7fc10654662d]
# Info: /lib/x86_64-linux-gnu/libc.so.6(clone+0x6d) [0x7fc10654662d]
# Info: /lib/x86_64-linux-gnu/libc.so.6(clone+0x6d) [0x7fc10654662d]
# Info: /lib/x86_64-linux-gnu/libc.so.6(clone+0x6d) [0x7fc10654662d]
# Info: /lib/x86_64-linux-gnu/libc.so.6(clone+0x6d) [0x7fc10654662d]
# Info: /lib/x86_64-linux-gnu/libc.so.6(clone+0x6d) [0x7fc10654662d]
# Info: /lib/x86_64-linux-gnu/libc.so.6(clone+0x6d) [0x7fc10654662d]
# Info: /lib/x86_64-linux-gnu/libc.so.6(clone+0x6d) [0x7fc10654662d]
# Info: /lib/x86_64-linux-gnu/libc.so.6(clone+0x6d) [0x7fc10654662d]
# Info: /lib/x86_64-linux-gnu/libc.so.6(clone+0x6d) [0x7fc10654662d]
# Info: /lib/x86_64-linux-gnu/libc.so.6(clone+0x6d) [0x7fc10654662d]
# Info: /lib/x86_64-linux-gnu/libc.so.6(clone+0x6d) [0x7fc10654662d]
# Info: /lib/x86_64-linux-gnu/libc.so.6(clone+0x6d) [0x7fc10654662d]
# Info: /lib/x86_64-linux-gnu/libc.so.6(clone+0x6d) [0x7fc10654662d]
# Info: /lib/x86_64-linux-gnu/libc.so.6(clone+0x6d) [0x7fc10654662d]
# Info: /lib/x86_64-linux-gnu/libc.so.6(clone+0x6d) [0x7fc10654662d]
# Info: /lib/x86_64-linux-gnu/libc.so.6(clone+0x6d) [0x7fc10654662d]
# Info: /lib/x86_64-linux-gnu/libc.so.6(clone+0x6d) [0x7fc10654662d]
# Info: /lib/x86_64-linux-gnu/libc.so.6(clone+0x6d) [0x7fc10654662d]
# Info: /lib/x86_64-linux-gnu/libc.so.6(clone+0x6d) [0x7fc10654662d]
# Info: /lib/x86_64-linux-gnu/libc.so.6(clone+0x6d) [0x7fc10654662d]
# Info: /lib/x86_64-linux-gnu/libc.so.6(clone+0x6d) [0x7fc10654662d]
# Info: /lib/x86_64-linux-gnu/libc.so.6(clone+0x6d) [0x7fc10654662d]
# Info: /lib/x86_64-linux-gnu/libc.so.6(clone+0x6d) [0x7fc10654662d]
# Info: /lib/x86_64-linux-gnu/libc.so.6(clone+0x6d) [0x7fc10654662d]
# Info: /lib/x86_64-linux-gnu/libc.so.6(clone+0x6d) [0x7fc10654662d]
# Info: /lib/x86_64-linux-gnu/libc.so.6(clone+0x6d) [0x7fc10654662d]
# Info: /lib/x86_64-linux-gnu/libc.so.6(clone+0x6d) [0x7fc10654662d]
# Info: /lib/x86_64-linux-gnu/libc.so.6(clone+0x6d) [0x7fc10654662d]
# Info: /lib/x86_64-linux-gnu/libc.so.6(clone+0x6d) [0x7fc10654662d]
# Info: /lib/x86_64-linux-gnu/libc.so.6(clone+0x6d) [0x7fc10654662d]
# Info: /lib/x86_64-linux-gnu/libc.so.6(clone+0x6d) [0x7fc10654662d]
# Info: /lib/x86_64-linux-gnu/libc.so.6(clone+0x6d) [0x7fc10654662d]
# Info: /lib/x86_64-linux-gnu/libc.so.6(clone+0x6d) [0x7fc10654662d]
# Info: /lib/x86_64-linux-gnu/libc.so.6(clone+0x6d) [0x7fc10654662d]
# Info: /lib/x86_64-linux-gnu/libc.so.6(clone+0x6d) [0x7fc10654662d]
# Info: /lib/x86_64-linux-gnu/libc.so.6(clone+0x6d) [0x7fc10654662d]
# Info: /lib/x86_64-linux-gnu/libc.so.6(clone+0x6d) [0x7fc10654662d]
# Info: /lib/x86_64-linux-gnu/libc.so.6(clone+0x6d) [0x7fc10654662d]
# Info: /lib/x86_64-linux-gnu/libc.so.6(clone+0x6d) [0x7fc10654662d]
# Info: /lib/x86_64-linux-gnu/libc.so.6(clone+0x6d) [0x7fc10654662d]
# Info: /lib/x86_64-linux-gnu/libc.so.6(clone+0x6d) [0x7fc10654662d]
# Info: /lib/x86_64-linux-gnu/libc.so.6(clone+0x6d) [0x7fc10654662d]
# Info: /lib/x86_64-linux-gnu/libc.so.6(clone+0x6d) [0x7fc10654662d]
# Info: /lib/x86_64-linux-gnu/libc.so.6(clone+0x6d) [0x7fc10654662d]
# Info: /lib/x86_64-linux-gnu/libc.so.6(clone+0x6d) [0x7fc10654662d]
# Info: /lib/x86_64-linux-gnu/libc.so.6(clone+0x6d) [0x7fc10654662d]
# Info: /lib/x86_64-linux-gnu/libc.so.6(clone+0x6d) [0x7fc10654662d]
# Info: /lib/x86_64-linux-gnu/libc.so.6(clone+0x6d) [0x7fc10654662d]
# Info: /lib/x86_64-linux-gnu/libc.so.6(clone+0x6d) [0x7fc10654662d]
# Info: /lib/x86_64-linux-gnu/libc.so.6(clone+0x6d) [0x7fc10654662d]
# Info: /lib/x86_64-linux-gnu/libc.so.6(clone+0x6d) [0x7fc10654662d]
# Info: /lib/x86_64-linux-gnu/libc.so.6(clone+0x6d) [0x7fc10654662d]
# Info: /lib/x86_64-linux-gnu/libc.so.6(clone+0x6d) [0x7fc10654662d]
# Info: /lib/x86_64-linux-gnu/libc.so.6(clone+0x6d) [0x7fc10654662d]
# Info: /lib/x86_64-linux-gnu/libc.so.6(clone+0x6d) [0x7fc10654662d]
# Info: /lib/x86_64-linux-gnu/libc.so.6(clone+0x6d) [0x7fc10654662d]
# Info: /lib/x86_64-linux-gnu/libc.so.6(clone+0x6d) [0x7fc10654662d]
# Info: /lib/x86_64-linux-gnu/libc.so.6(clone+0x6d) [0x7fc10654662d]
# Info: /lib/x86_64-linux-gnu/libc.so.6(clone+0x6d) [0x7fc10654662d]
# Info: /lib/x86_64-linux-gnu/libc.so.6(clone+0x6d) [0x7fc10654662d]
# Info: /lib/x86_64-linux-gnu/libc.so.6(clone+0x6d) [0x7fc10654662d]
# Info: /lib/x86_64-linux-gnu/libc.so.6(clone+0x6d) [0x7fc10654662d]
# Info: /lib/x86_64-linux-gnu/libc.so.6(clone+0x6d) [0x7fc10654662d]
# Info: /lib/x86_64-linux-gnu/libc.so.6(clone+0x6d) [0x7fc10654662d]
# Info: /lib/x86_64-linux-gnu/libc.so.6(clone+0x6d) [0x7fc10654662d]
# Info: /lib/x86_64-linux-gnu/libc.so.6(clone+0x6d) [0x7fc10654662d]
# Info: /lib/x86_64-linux-gnu/libc.so.6(clone+0x6d) [0x7fc10654662d]
# Info: /lib/x86_64-linux-gnu/libc.so.6(clone+0x6d) [0x7fc10654662d]
# Info: /lib/x86_64-linux-gnu/libc.so.6(clone+0x6d) [0x7fc10654662d]
# Info: /lib/x86_64-linux-gnu/libc.so.6(clone+0x6d) [0x7fc10654662d]
# Info: /lib/x86_64-linux-gnu/libc.so.6(clone+0x6d) [0x7fc10654662d]
# Info: /lib/x86_64-linux-gnu/libc.so.6(clone+0x6d) [0x7fc10654662d]
# Info: /lib/x86_64-linux-gnu/libc.so.6(clone+0x6d) [0x7fc10654662d]
# Info: /lib/x86_64-linux-gnu/libc.so.6(clone+0x6d) [0x7fc10654662d]
# Info: /lib/x86_64-linux-gnu/libc.so.6(clone+0x6d) [0x7fc10654662d]
# Info: /lib/x86_64-linux-gnu/libc.so.6(clone+0x6d) [0x7fc10654662d]
# Info: /lib/x86_64-linux-gnu/libc.so.6(clone+0x6d) [0x7fc10654662d]
# Info: /lib/x86_64-linux-gnu/libc.so.6(clone+0x6d) [0x7fc10654662d]
# Info: /lib/x86_64-linux-gnu/libc.so.6(clone+0x6d) [0x7fc10654662d]
# Info: /lib/x86_64-linux-gnu/libc.so.6(clone+0x6d) [0x7fc10654662d]
# Info: /lib/x86_64-linux-gnu/libc.so.6(clone+0x6d) [0x7fc10654662d]
# Info: /lib/x86_64-linux-gnu/libc.so.6(clone+0x6d) [0x7fc10654662d]
# Info: /lib/x86_64-linux-gnu/libc.so.6(clone+0x6d) [0x7fc10654662d]
# Info: /lib/x86_64-linux-gnu/libc.so.6(clone+0x6d) [0x7fc10654662d]
# Info: /lib/x86_64-linux-gnu/libc.so.6(clone+0x6d) [0x7fc10654662d]
# Info: /lib/x86_64-linux-gnu/libc.so.6(clone+0x6d) [0x7fc10654662d]
# Info: /lib/x86_64-linux-gnu/libc.so.6(clone+0x6d) [0x7fc10654662d]
# Info: /lib/x86_64-linux-gnu/libc.so.6(clone+0x6d) [0x7fc10654662d]
# Info: /lib/x86_64-linux-gnu/libc.so.6(clone+0x6d) [0x7fc10654662d]
# Info: /lib/x86_64-linux-gnu/libc.so.6(clone+0x6d) [0x7fc10654662d]
# Info: /lib/x86_64-linux-gnu/libc.so.6(clone+0x6d) [0x7fc10654662d]
# Info: /lib/x86_64-linux-gnu/libc.so.6(clone+0x6d) [0x7fc10654662d]
# Info: /lib/x86_64-linux-gnu/libc.so.6(clone+0x6d) [0x7fc10654662d]
# Info: /lib/x86_64-linux-gnu/libc.so.6(clone+0x6d) [0x7fc10654662d]
# Info: /lib/x86_64-linux-gnu/libc.so.6(clone+0x6d) [0x7fc10654662d]
# Info: /lib/x86_64-linux-gnu/libc.so.6(clone+0x6d) [0x7fc10654662d]
# Info: /lib/x86_64-linux-gnu/libc.so.6(clone+0x6d) [0x7fc10654662d]
# Info: /lib/x86_64-linux-gnu/libc.so.6(clone+0x6d) [0x7fc10654662d]
# Info: /lib/x86_64-linux-gnu/libc.so.6(clone+0x6d) [0x7fc10654662d]
# Info: /lib/x86_64-linux-gnu/libc.so.6(clone+0x6d) [0x7fc10654662d]
# Info: /lib/x86_64-linux-gnu/libc.so.6(clone+0x6d) [0x7fc10654662d]
# Info: /lib/x86_64-linux-gnu/libc.so.6(clone+0x6d) [0x7fc10654662d]
# Info: /lib/x86_64-linux-gnu/libc.so.6(clone+0x6d) [0x7fc10654662d]
# Info: /lib/x86_64-linux-gnu/libc.so.6(clone+0x6d) [0x7fc10654662d]
# Info: /lib/x86_64-linux-gnu/libc.so.6(clone+0x6d) [0x7fc10654662d]
# Info: /lib/x86_64-linux-gnu/libc.so.6(clone+0x6d) [0x7fc10654662d]
# Info: /lib/x86_64-linux-gnu/libc.so.6(clone+0x6d) [0x7fc10654662d]
# Info: /lib/x86_64-linux-gnu/libc.so.6(clone+0x6d) [0x7fc10654662d]
# Info: /lib/x86_64-linux-gnu/libc.so.6(clone+0x6d) [0x7fc10654662d]
# Info: /lib/x86_64-linux-gnu/libc.so.6(clone+0x6d) [0x7fc10654662d]
# Info: /lib/x86_64-linux-gnu/libc.so.6(clone+0x6d) [0x7fc10654662d]
# Info: /lib/x86_64-linux-gnu/libc.so.6(clone+0x6d) [0x7fc10654662d]
# Info: /lib/x86_64-linux-gnu/libc.so.6(clone+0x6d) [0x7fc10654662d]
# Info: /lib/x86_64-linux-gnu/libc.so.6(clone+0x6d) [0x7fc10654662d]
# Info: /lib/x86_64-linux-gnu/libc.so.6(clone+0x6d) [0x7fc10654662d]
# Info: /lib/x86_64-linux-gnu/libc.so.6(clone+0x6d) [0x7fc10654662d]
# Info: /lib/x86_64-linux-gnu/libc.so.6(clone+0x6d) [0x7fc10654662d]
# Info: /lib/x86_64-linux-gnu/libc.so.6(clone+0x6d) [0x7fc10654662d]
# Info: /lib/x86_64-linux-gnu/libc.so.6(clone+0x6d) [0x7fc10654662d]
# Info: /lib/x86_64-linux-gnu/libc.so.6(clone+0x6d) [0x7fc10654662d]
# Info: /lib/x86_64-linux-gnu/libc.so.6(clone+0x6d) [0x7fc10654662d]
# Info: /lib/x86_64-linux-gnu/libc.so.6(clone+0x6d) [0x7fc10654662d]
# Info: /lib/x86_64-linux-gnu/libc.so.6(clone+0x6d) [0x7fc10654662d]
# Info: /lib/x86_64-linux-gnu/libc.so.6(clone+0x6d) [0x7fc10654662d]
# Info: /lib/x86_64-linux-gnu/libc.so.6(clone+0x6d) [0x7fc10654662d]
# Info: /lib/x86_64-linux-gnu/libc.so.6(clone+0x6d) [0x7fc10654662d]
# Info: /lib/x86_64-linux-gnu/libc.so.6(clone+0x6d) [0x7fc10654662d]
# Info: /lib/x86_64-linux-gnu/libc.so.6(clone+0x6d) [0x7fc10654662d]
# Info: /lib/x86_64-linux-gnu/libc.so.6(clone+0x6d) [0x7fc10654662d]
# Info: /lib/x86_64-linux-gnu/libc.so.6(clone+0x6d) [0x7fc10654662d]
# Info: /lib/x86_64-linux-gnu/libc.so.6(clone+0x6d) [0x7fc10654662d]
# Info: /lib/x86_64-linux-gnu/libc.so.6(clone+0x6d) [0x7fc10654662d]
# Info: /lib/x86_64-linux-gnu/libc.so.6(clone+0x6d) [0x7fc10654662d]
# Info: /lib/x86_64-linux-gnu/libc.so.6(clone+0x6d) [0x7fc10654662d]
# Info: /lib/x86_64-linux-gnu/libc.so.6(clone+0x6d) [0x7fc10654662d]
# Info: /lib/x86_64-linux-gnu/libc.so.6(clone+0x6d) [0x7fc10654662d]
# Info: /lib/x86_64-linux-gnu/libc.so.6(clone+0x6d) [0x7fc10654662d]
# Info: /lib/x86_64-linux-gnu/libc.so.6(clone+0x6d) [0x7fc10654662d]
# Info: /lib/x86_64-linux-gnu/libc.so.6(clone+0x6d) [0x7fc10654662d]
# Info: /lib/x86_64-linux-gnu/libc.so.6(clone+0x6d) [0x7fc10654662d]
# Info: /lib/x86_64-linux-gnu/libc.so.6(clone+0x6d) [0x7fc10654662d]
# Info: /lib/x86_64-linux-gnu/libc.so.6(clone+0x6d) [0x7fc10654662d]
# Info: /lib/x86_64-linux-gnu/libc.so.6(clone+0x6d) [0x7fc10654662d]
# Info: /lib/x86_64-linux-gnu/libc.so.6(clone+0x6d) [0x7fc10654662d]
# Info: /lib/x86_64-linux-gnu/libc.so.6(clone+0x6d) [0x7fc10654662d]
# Info: /lib/x86_64-linux-gnu/libc.so.6(clone+0x6d) [0x7fc10654662d]
# Info: /lib/x86_64-linux-gnu/libc.so.6(clone+0x6d) [0x7fc10654662d]
# Info: /lib/x86_64-linux-gnu/libc.so.6(clone+0x6d) [0x7fc10654662d]
# Info: /lib/x86_64-linux-gnu/libc.so.6(clone+0x6d) [0x7fc10654662d]
# Info: /lib/x86_64-linux-gnu/libc.so.6(clone+0x6d) [0x7fc10654662d]
# Info: /lib/x86_64-linux-gnu/libc.so.6(clone+0x6d) [0x7fc10654662d]
# Info: /lib/x86_64-linux-gnu/libc.so.6(clone+0x6d) [0x7fc10654662d]
# Info: /lib/x86_64-linux-gnu/libc.so.6(clone+0x6d) [0x7fc10654662d]
# Info: /lib/x86_64-linux-gnu/libc.so.6(clone+0x6d) [0x7fc10654662d]
# Info: /lib/x86_64-linux-gnu/libc.so.6(clone+0x6d) [0x7fc10654662d]
# Info: /lib/x86_64-linux-gnu/libc.so.6(clone+0x6d) [0x7fc10654662d]
# Info: /lib/x86_64-linux-gnu/libc.so.6(clone+0x6d) [0x7fc10654662d]
# Info: /lib/x86_64-linux-gnu/libc.so.6(clone+0x6d) [0x7fc10654662d]
# Info: /lib/x86_64-linux-gnu/libc.so.6(clone+0x6d) [0x7fc10654662d]
# Info: /lib/x86_64-linux-gnu/libc.so.6(clone+0x6d) [0x7fc10654662d]
# Info: /lib/x86_64-linux-gnu/libc.so.6(clone+0x6d) [0x7fc10654662d]
# Info: /lib/x86_64-linux-gnu/libc.so.6(clone+0x6d) [0x7fc10654662d]
# Info: /lib/x86_64-linux-gnu/libc.so.6(clone+0x6d) [0x7fc10654662d]
# Info: /lib/x86_64-linux-gnu/libc.so.6(clone+0x6d) [0x7fc10654662d]
# Info: /lib/x86_64-linux-gnu/libc.so.6(clone+0x6d) [0x7fc10654662d]
# Info: /lib/x86_64-linux-gnu/libc.so.6(clone+0x6d) [0x7fc10654662d]
# Info: /lib/x86_64-linux-gnu/libc.so.6(clone+0x6d) [0x7fc10654662d]
# Info: /lib/x86_64-linux-gnu/libc.so.6(clone+0x6d) [0x7fc10654662d]
# Info: /lib/x86_64-linux-gnu/libc.so.6(clone+0x6d) [0x7fc10654662d]
# Info: /lib/x86_64-linux-gnu/libc.so.6(clone+0x6d) [0x7fc10654662d]
# Info: /lib/x86_64-linux-gnu/libc.so.6(clone+0x6d) [0x7fc10654662d]
# Info: /lib/x86_64-linux-gnu/libc.so.6(clone+0x6d) [0x7fc10654662d]
# Info: /lib/x86_64-linux-gnu/libc.so.6(clone+0x6d) [0x7fc10654662d]
# Info: /lib/x86_64-linux-gnu/libc.so.6(clone+0x6d) [0x7fc10654662d]
# Info: /lib/x86_64-linux-gnu/libc.so.6(clone+0x6d) [0x7fc10654662d]
# Info: /lib/x86_64-linux-gnu/libc.so.6(clone+0x6d) [0x7fc10654662d]
# Info: /lib/x86_64-linux-gnu/libc.so.6(clone+0x6d) [0x7fc10654662d]
# Info: /lib/x86_64-linux-gnu/libc.so.6(clone+0x6d) [0x7fc10654662d]
# Info: /lib/x86_64-linux-gnu/libc.so.6(clone+0x6d) [0x7fc10654662d]
# Info: /lib/x86_64-linux-gnu/libc.so.6(clone+0x6d) [0x7fc10654662d]
# Info: /lib/x86_64-linux-gnu/libc.so.6(clone+0x6d) [0x7fc10654662d]
# Info: /lib/x86_64-linux-gnu/libc.so.6(clone+0x6d) [0x7fc10654662d]
# Info: /lib/x86_64-linux-gnu/libc.so.6(clone+0x6d) [0x7fc10654662d]
# Info: /lib/x86_64-linux-gnu/libc.so.6(clone+0x6d) [0x7fc10654662d]
# Info: /lib/x86_64-linux-gnu/libc.so.6(clone+0x6d) [0x7fc10654662d]
# Info: /lib/x86_64-linux-gnu/libc.so.6(clone+0x6d) [0x7fc10654662d]
# Info: /lib/x86_64-linux-gnu/libc.so.6(clone+0x6d) [0x7fc10654662d]
# Info: /lib/x86_64-linux-gnu/libc.so.6(clone+0x6d) [0x7fc10654662d]
# Info: /lib/x86_64-linux-gnu/libc.so.6(clone+0x6d) [0x7fc10654662d]
# Info: /lib/x86_64-linux-gnu/libc.so.6(clone+0x6d) [0x7fc10654662d]
# Info: /lib/x86_64-linux-gnu/libc.so.6(clone+0x6d) [0x7fc10654662d]
# Info: /lib/x86_64-linux-gnu/libc.so.6(clone+0x6d) [0x7fc10654662d]
# Info: /lib/x86_64-linux-gnu/libc.so.6(clone+0x6d) [0x7fc10654662d]
# Info: /lib/x86_64-linux-gnu/libc.so.6(clone+0x6d) [0x7fc10654662d]
# Info: /lib/x86_64-linux-gnu/libc.so.6(clone+0x6d) [0x7fc10654662d]
# Info: /lib/x86_64-linux-gnu/libc.so.6(clone+0x6d) [0x7fc10654662d]
# Info: /lib/x86_64-linux-gnu/libc.so.6(clone+0x6d) [0x7fc10654662d]
# Info: /lib/x86_64-linux-gnu/libc.so.6(clone+0x6d) [0x7fc10654662d]
# Info: /lib/x86_64-linux-gnu/libc.so.6(clone+0x6d) [0x7fc10654662d]
# Info: /lib/x86_64-linux-gnu/libc.so.6(clone+0x6d) [0x7fc10654662d]
# Info: /lib/x86_64-linux-gnu/libc.so.6(clone+0x6d) [0x7fc10654662d]
# Info: /lib/x86_64-linux-gnu/libc.so.6(clone+0x6d) [0x7fc10654662d]
# Info: /lib/x86_64-linux-gnu/libc.so.6(clone+0x6d) [0x7fc10654662d]
# Info: /lib/x86_64-linux-gnu/libc.so.6(clone+0x6d) [0x7fc10654662d]
# Info: /lib/x86_64-linux-gnu/libc.so.6(clone+0x6d) [0x7fc10654662d]
# Info: /lib/x86_64-linux-gnu/libc.so.6(clone+0x6d) [0x7fc10654662d]
# Info: /lib/x86_64-linux-gnu/libc.so.6(clone+0x6d) [0x7fc10654662d]
# Info: /lib/x86_64-linux-gnu/libc.so.6(clone+0x6d) [0x7fc10654662d]
# Info: /lib/x86_64-linux-gnu/libc.so.6(clone+0x6d) [0x7fc10654662d]
# Info: /lib/x86_64-linux-gnu/libc.so.6(clone+0x6d) [0x7fc10654662d]
# Info: /lib/x86_64-linux-gnu/libc.so.6(clone+0x6d) [0x7fc10654662d]
# Info: /lib/x86_64-linux-gnu/libc.so.6(clone+0x6d) [0x7fc10654662d]
# Info: /lib/x86_64-linux-gnu/libc.so.6(clone+0x6d) [0x7fc10654662d]
# Info: /lib/x86_64-linux-gnu/libc.so.6(clone+0x6d) [0x7fc10654662d]
# Info: /lib/x86_64-linux-gnu/libc.so.6(clone+0x6d) [0x7fc10654662d]
# Info: /lib/x86_64-linux-gnu/libc.so.6(clone+0x6d) [0x7fc10654662d]
# Info: /lib/x86_64-linux-gnu/libc.so.6(clone+0x6d) [0x7fc10654662d]
# Info: /lib/x86_64-linux-gnu/libc.so.6(clone+0x6d) [0x7fc10654662d]
# Info: /lib/x86_64-linux-gnu/libc.so.6(clone+0x6d) [0x7fc10654662d]
# Info: /lib/x86_64-linux-gnu/libc.so.6(clone+0x6d) [0x7fc10654662d]
# Info: /lib/x86_64-linux-gnu/libc.so.6(clone+0x6d) [0x7fc10654662d]
# Info: /lib/x86_64-linux-gnu/libc.so.6(clone+0x6d) [0x7fc10654662d]
# Info: /lib/x86_64-linux-gnu/libc.so.6(clone+0x6d) [0x7fc10654662d]
# Info: /lib/x86_64-linux-gnu/libc.so.6(clone+0x6d) [0x7fc10654662d]
# Info: /lib/x86_64-linux-gnu/libc.so.6(clone+0x6d) [0x7fc10654662d]
# Info: /lib/x86_64-linux-gnu/libc.so.6(clone+0x6d) [0x7fc10654662d]
# Info: /lib/x86_64-linux-gnu/libc.so.6(clone+0x6d) [0x7fc10654662d]
# Info: /lib/x86_64-linux-gnu/libc.so.6(clone+0x6d) [0x7fc10654662d]
# Info: /lib/x86_64-linux-gnu/libc.so.6(clone+0x6d) [0x7fc10654662d]
# Info: /lib/x86_64-linux-gnu/libc.so.6(clone+0x6d) [0x7fc10654662d]
# Info: /lib/x86_64-linux-gnu/libc.so.6(clone+0x6d) [0x7fc10654662d]
# Info: /lib/x86_64-linux-gnu/libc.so.6(clone+0x6d) [0x7fc10654662d]
# Info: /lib/x86_64-linux-gnu/libc.so.6(clone+0x6d) [0x7fc10654662d]
# Info: /lib/x86_64-linux-gnu/libc.so.6(clone+0x6d) [0x7fc10654662d]
# Info: /lib/x86_64-linux-gnu/libc.so.6(clone+0x6d) [0x7fc10654662d]
# Info: /lib/x86_64-linux-gnu/libc.so.6(clone+0x6d) [0x7fc10654662d]
# Info: /lib/x86_64-linux-gnu/libc.so.6(clone+0x6d) [0x7fc10654662d]
# Info: /lib/x86_64-linux-gnu/libc.so.6(clone+0x6d) [0x7fc10654662d]
# Info: /lib/x86_64-linux-gnu/libc.so.6(clone+0x6d) [0x7fc10654662d]
# Info: /lib/x86_64-linux-gnu/libc.so.6(clone+0x6d) [0x7fc10654662d]
# Info: /lib/x86_64-linux-gnu/libc.so.6(clone+0x6d) [0x7fc10654662d]
# Info: /lib/x86_64-linux-gnu/libc.so.6(clone+0x6d) [0x7fc10654662d]
# Info: /lib/x86_64-linux-gnu/libc.so.6(clone+0x6d) [0x7fc10654662d]
# Info: /lib/x86_64-linux-gnu/libc.so.6(clone+0x6d) [0x7fc10654662d]
# Info: /lib/x86_64-linux-gnu/libc.so.6(clone+0x6d) [0x7fc10654662d]
# Info: /lib/x86_64-linux-gnu/libc.so.6(clone+0x6d) [0x7fc10654662d]
# Info: /lib/x86_64-linux-gnu/libc.so.6(clone+0x6d) [0x7fc10654662d]
# Info: /lib/x86_64-linux-gnu/libc.so.6(clone+0x6d) [0x7fc10654662d]
# Info: /lib/x86_64-linux-gnu/libc.so.6(clone+0x6d) [0x7fc10654662d]
# Info: /lib/x86_64-linux-gnu/libc.so.6(clone+0x6d) [0x7fc10654662d]
# Info: /lib/x86_64-linux-gnu/libc.so.6(clone+0x6d) [0x7fc10654662d]
# Info: /lib/x86_64-linux-gnu/libc.so.6(clone+0x6d) [0x7fc10654662d]
# Info: /lib/x86_64-linux-gnu/libc.so.6(clone+0x6d) [0x7fc10654662d]
# Info: /lib/x86_64-linux-gnu/libc.so.6(clone+0x6d) [0x7fc10654662d]
# Info: /lib/x86_64-linux-gnu/libc.so.6(clone+0x6d) [0x7fc10654662d]
# Info: /lib/x86_64-linux-gnu/libc.so.6(clone+0x6d) [0x7fc10654662d]
# Info: /lib/x86_64-linux-gnu/libc.so.6(clone+0x6d) [0x7fc10654662d]
# Info: /lib/x86_64-linux-gnu/libc.so.6(clone+0x6d) [0x7fc10654662d]
# Info: /lib/x86_64-linux-gnu/libc.so.6(clone+0x6d) [0x7fc10654662d]
# Info: /lib/x86_64-linux-gnu/libc.so.6(clone+0x6d) [0x7fc10654662d]
# Info: /lib/x86_64-linux-gnu/libc.so.6(clone+0x6d) [0x7fc10654662d]
# Info: /lib/x86_64-linux-gnu/libc.so.6(clone+0x6d) [0x7fc10654662d]
# Info: /lib/x86_64-linux-gnu/libc.so.6(clone+0x6d) [0x7fc10654662d]
# Info: /lib/x86_64-linux-gnu/libc.so.6(clone+0x6d) [0x7fc10654662d]
# Info: /lib/x86_64-linux-gnu/libc.so.6(clone+0x6d) [0x7fc10654662d]
# Info: /lib/x86_64-linux-gnu/libc.so.6(clone+0x6d) [0x7fc10654662d]
# Info: /lib/x86_64-linux-gnu/libc.so.6(clone+0x6d) [0x7fc10654662d]
# Info: /lib/x86_64-linux-gnu/libc.so.6(clone+0x6d) [0x7fc10654662d]
# Info: /lib/x86_64-linux-gnu/libc.so.6(clone+0x6d) [0x7fc10654662d]
# Info: /lib/x86_64-linux-gnu/libc.so.6(clone+0x6d) [0x7fc10654662d]
# Info: /lib/x86_64-linux-gnu/libc.so.6(clone+0x6d) [0x7fc10654662d]
# Info: /lib/x86_64-linux-gnu/libc.so.6(clone+0x6d) [0x7fc10654662d]
# Info: /lib/x86_64-linux-gnu/libc.so.6(clone+0x6d) [0x7fc10654662d]
# Info: /lib/x86_64-linux-gnu/libc.so.6(clone+0x6d) [0x7fc10654662d]
# Info: /lib/x86_64-linux-gnu/libc.so.6(clone+0x6d) [0x7fc10654662d]
# Info: /lib/x86_64-linux-gnu/libc.so.6(clone+0x6d) [0x7fc10654662d]
# Info: /lib/x86_64-linux-gnu/libc.so.6(clone+0x6d) [0x7fc10654662d]
# Info: /lib/x86_64-linux-gnu/libc.so.6(clone+0x6d) [0x7fc10654662d]
# Info: /lib/x86_64-linux-gnu/libc.so.6(clone+0x6d) [0x7fc10654662d]
# Info: /lib/x86_64-linux-gnu/libc.so.6(clone+0x6d) [0x7fc10654662d]
# Info: /lib/x86_64-linux-gnu/libc.so.6(clone+0x6d) [0x7fc10654662d]
# Info: /lib/x86_64-linux-gnu/libc.so.6(clone+0x6d) [0x7fc10654662d]
# Info: /lib/x86_64-linux-gnu/libc.so.6(clone+0x6d) [0x7fc10654662d]
# Info: /lib/x86_64-linux-gnu/libc.so.6(clone+0x6d) [0x7fc10654662d]
# Info: /lib/x86_64-linux-gnu/libc.so.6(clone+0x6d) [0x7fc10654662d]
# Info: /lib/x86_64-linux-gnu/libc.so.6(clone+0x6d) [0x7fc10654662d]
# Info: /lib/x86_64-linux-gnu/libc.so.6(clone+0x6d) [0x7fc10654662d]
# Info: /lib/x86_64-linux-gnu/libc.so.6(clone+0x6d) [0x7fc10654662d]
# Info: /lib/x86_64-linux-gnu/libc.so.6(clone+0x6d) [0x7fc10654662d]
# Info: /lib/x86_64-linux-gnu/libc.so.6(clone+0x6d) [0x7fc10654662d]
# Info: /lib/x86_64-linux-gnu/libc.so.6(clone+0x6d) [0x7fc10654662d]
# Info: /lib/x86_64-linux-gnu/libc.so.6(clone+0x6d) [0x7fc10654662d]
# Info: /lib/x86_64-linux-gnu/libc.so.6(clone+0x6d) [0x7fc10654662d]
# Info: /lib/x86_64-linux-gnu/libc.so.6(clone+0x6d) [0x7fc10654662d]
# Info: /lib/x86_64-linux-gnu/libc.so.6(clone+0x6d) [0x7fc10654662d]
# Info: /lib/x86_64-linux-gnu/libc.so.6(clone+0x6d) [0x7fc10654662d]
# Info: /lib/x86_64-linux-gnu/libc.so.6(clone+0x6d) [0x7fc10654662d]
# Info: /lib/x86_64-linux-gnu/libc.so.6(clone+0x6d) [0x7fc10654662d]
# Info: /lib/x86_64-linux-gnu/libc.so.6(clone+0x6d) [0x7fc10654662d]
# Info: /lib/x86_64-linux-gnu/libc.so.6(clone+0x6d) [0x7fc10654662d]
# Info: /lib/x86_64-linux-gnu/libc.so.6(clone+0x6d) [0x7fc10654662d]
# Info: /lib/x86_64-linux-gnu/libc.so.6(clone+0x6d) [0x7fc10654662d]
# Info: /lib/x86_64-linux-gnu/libc.so.6(clone+0x6d) [0x7fc10654662d]
# Info: /lib/x86_64-linux-gnu/libc.so.6(clone+0x6d) [0x7fc10654662d]
# Info: /lib/x86_64-linux-gnu/libc.so.6(clone+0x6d) [0x7fc10654662d]
# Info: /lib/x86_64-linux-gnu/libc.so.6(clone+0x6d) [0x7fc10654662d]
# Info: /lib/x86_64-linux-gnu/libc.so.6(clone+0x6d) [0x7fc10654662d]
# Info: /lib/x86_64-linux-gnu/libc.so.6(clone+0x6d) [0x7fc10654662d]
# Info: /lib/x86_64-linux-gnu/libc.so.6(clone+0x6d) [0x7fc10654662d]
# Info: /lib/x86_64-linux-gnu/libc.so.6(clone+0x6d) [0x7fc10654662d]
# Info: /lib/x86_64-linux-gnu/libc.so.6(clone+0x6d) [0x7fc10654662d]
# Info: /lib/x86_64-linux-gnu/libc.so.6(clone+0x6d) [0x7fc10654662d]
# Info: /lib/x86_64-linux-gnu/libc.so.6(clone+0x6d) [0x7fc10654662d]
# Info: /lib/x86_64-linux-gnu/libc.so.6(clone+0x6d) [0x7fc10654662d]
# Info: /lib/x86_64-linux-gnu/libc.so.6(clone+0x6d) [0x7fc10654662d]
# Info: /lib/x86_64-linux-gnu/libc.so.6(clone+0x6d) [0x7fc10654662d]
# Info: /lib/x86_64-linux-gnu/libc.so.6(clone+0x6d) [0x7fc10654662d]
# Info: /lib/x86_64-linux-gnu/libc.so.6(clone+0x6d) [0x7fc10654662d]
# Info: /lib/x86_64-linux-gnu/libc.so.6(clone+0x6d) [0x7fc10654662d]
# Info: /lib/x86_64-linux-gnu/libc.so.6(clone+0x6d) [0x7fc10654662d]
# Info: /lib/x86_64-linux-gnu/libc.so.6(clone+0x6d) [0x7fc10654662d]
# Info: /lib/x86_64-linux-gnu/libc.so.6(clone+0x6d) [0x7fc10654662d]
# Info: /lib/x86_64-linux-gnu/libc.so.6(clone+0x6d) [0x7fc10654662d]
# Info: /lib/x86_64-linux-gnu/libc.so.6(clone+0x6d) [0x7fc10654662d]
# Info: /lib/x86_64-linux-gnu/libc.so.6(clone+0x6d) [0x7fc10654662d]
# Info: /lib/x86_64-linux-gnu/libc.so.6(clone+0x6d) [0x7fc10654662d]
# Info: /lib/x86_64-linux-gnu/libc.so.6(clone+0x6d) [0x7fc10654662d]
# Info: /lib/x86_64-linux-gnu/libc.so.6(clone+0x6d) [0x7fc10654662d]
# Info: /lib/x86_64-linux-gnu/libc.so.6(clone+0x6d) [0x7fc10654662d]
# Info: /lib/x86_64-linux-gnu/libc.so.6(clone+0x6d) [0x7fc10654662d]
# Info: /lib/x86_64-linux-gnu/libc.so.6(clone+0x6d) [0x7fc10654662d]
# Info: /lib/x86_64-linux-gnu/libc.so.6(clone+0x6d) [0x7fc10654662d]
# Info: /lib/x86_64-linux-gnu/libc.so.6(clone+0x6d) [0x7fc10654662d]
# Info: /lib/x86_64-linux-gnu/libc.so.6(clone+0x6d) [0x7fc10654662d]
# Info: /lib/x86_64-linux-gnu/libc.so.6(clone+0x6d) [0x7fc10654662d]
# Info: /lib/x86_64-linux-gnu/libc.so.6(clone+0x6d) [0x7fc10654662d]
# Info: /lib/x86_64-linux-gnu/libc.so.6(clone+0x6d) [0x7fc10654662d]
# Info: /lib/x86_64-linux-gnu/libc.so.6(clone+0x6d) [0x7fc10654662d]
# Info: /lib/x86_64-linux-gnu/libc.so.6(clone+0x6d) [0x7fc10654662d]
# Info: /lib/x86_64-linux-gnu/libc.so.6(clone+0x6d) [0x7fc10654662d]
# Info: /lib/x86_64-linux-gnu/libc.so.6(clone+0x6d) [0x7fc10654662d]
# Info: /lib/x86_64-linux-gnu/libc.so.6(clone+0x6d) [0x7fc10654662d]
# Info: /lib/x86_64-linux-gnu/libc.so.6(clone+0x6d) [0x7fc10654662d]
# Info: /lib/x86_64-linux-gnu/libc.so.6(clone+0x6d) [0x7fc10654662d]
# Info: /lib/x86_64-linux-gnu/libc.so.6(clone+0x6d) [0x7fc10654662d]
# Info: /lib/x86_64-linux-gnu/libc.so.6(clone+0x6d) [0x7fc10654662d]
# Info: )
