//  Catapult University Version 10.0a/269363 (Production Release) Wed Nov  9 17:38:00 PST 2016
//  
//  Copyright (c) Mentor Graphics Corporation, 1996-2016, All Rights Reserved.
//                       UNPUBLISHED, LICENSED SOFTWARE.
//            CONFIDENTIAL AND PROPRIETARY INFORMATION WHICH IS THE
//          PROPERTY OF MENTOR GRAPHICS OR ITS LICENSORS
//  
//  Running on Linux xph3sle509@ocaepc57 3.16.0-4-amd64 #1 SMP Debian 3.16.43-2+deb8u5 (2017-09-19) x86_64
//  
//  Package information: SIFLIBS v23.0_1.0, HLS_PKGS v23.0_1.0, 
//                       DesignPad v2.78_1.0
//  
//  This version may only be used for academic purposes.  Some optimizations 
//  are disabled, so results obtained from this version may be sub-optimal.
//  
//  Start time Mon Jan 29 12:06:36 2018
# -------------------------------------------------
# Logging session transcript to file "/tmp/log2294e8283a26.0"
# Moving session transcript to file "/tp-fmr/sle3_509/3D_mono_camera/CatapultC/catapult.log"
# Warning: No Encrypted Liberty technology libraries have been specified (LIB-192)
# Warning: No Liberty technology libraries have been specified (LIB-192)
# Warning: No Synopsys DB technology libraries have been specified (LIB-192)
flow run /Vivado/synthesize vivado/rtl.vhdl.xv
# Error: utility path hard: unable to convert path
flow run /Vivado/synthesize vivado/concat_rtl.vhdl.xv
# Error: utility path hard: unable to convert path
quit -f
// Finish time Mon Jan 29 12:07:08 2018, time elapsed 0:32, peak memory 1.13GB, exit status 0
