FSM 1 : VALID TRANSITION GRAPH

00001000000 : FSM STATE NOT REACHABLE FROM OUTSIDE.

   OUTGOING TRANSITIONS:
      00010000000
      00000001000

   INCOMING TRANSITIONS:
      00000100000


00010000000 : FSM STATE NOT REACHABLE FROM OUTSIDE.

   OUTGOING TRANSITIONS:
      00100000000
      00000000100

   INCOMING TRANSITIONS:
      00001000000


00000010000 : FSM STATE NOT REACHABLE FROM OUTSIDE.

   OUTGOING TRANSITIONS:
      00000100000

   INCOMING TRANSITIONS:
      00000001000


00000100000 : FSM STATE NOT REACHABLE FROM OUTSIDE.

   OUTGOING TRANSITIONS:
      00001000000

   INCOMING TRANSITIONS:
      00000010000


00100000000 : FSM STATE NOT REACHABLE FROM OUTSIDE.

   OUTGOING TRANSITIONS:
      01000000000
      00000000100

   INCOMING TRANSITIONS:
      00010000000


01000000000 : FSM STATE NOT REACHABLE FROM OUTSIDE.

   OUTGOING TRANSITIONS:
      10000000000
      00000000010

   INCOMING TRANSITIONS:
      00000000010
      00100000000


10000000000 : FSM STATE NOT REACHABLE FROM OUTSIDE.

   OUTGOING TRANSITIONS:
      00000000001

   INCOMING TRANSITIONS:
      01000000000
      00000000001


00000000001 : STATE IS REACHABLE FROM OUTSIDE.

   OUTGOING TRANSITIONS:
      10000000000
      00000000010

   INCOMING TRANSITIONS:
      10000000000


00000000010 : FSM STATE NOT REACHABLE FROM OUTSIDE.

   OUTGOING TRANSITIONS:
      01000000000
      00000000100

   INCOMING TRANSITIONS:
      01000000000
      00000000001


00000000100 : FSM STATE NOT REACHABLE FROM OUTSIDE.

   OUTGOING TRANSITIONS:
      00000001000

   INCOMING TRANSITIONS:
      00000000010
      00010000000
      00100000000


00000001000 : FSM STATE NOT REACHABLE FROM OUTSIDE.

   OUTGOING TRANSITIONS:
      00000010000

   INCOMING TRANSITIONS:
      00000000100
      00001000000


